<?xml version="1.0" encoding="UTF-8"?>
<coverage generated="1771102722950" clover="3.2.0">
  <project timestamp="1771102722951" name="All files">
    <metrics statements="18" coveredstatements="18" conditionals="6" coveredconditionals="6" methods="4" coveredmethods="4" elements="28" coveredelements="28" complexity="0" loc="18" ncloc="18" packages="1" files="1" classes="1"/>
    <file name="index.js" path="C:\Users\r00000618\OneDrive - Ricoh\個人\研修\2025_04-2603_JS研修\★提出場所\js-exercises\ch17\ex02\index.js">
      <metrics statements="18" coveredstatements="18" conditionals="6" coveredconditionals="6" methods="4" coveredmethods="4"/>
      <line num="1" count="1" type="stmt"/>
      <line num="5" count="11" type="stmt"/>
      <line num="15" count="5" type="stmt"/>
      <line num="23" count="5" type="cond" truecount="2" falsecount="0"/>
      <line num="24" count="1" type="stmt"/>
      <line num="25" count="1" type="stmt"/>
      <line num="27" count="4" type="stmt"/>
      <line num="32" count="3" type="stmt"/>
      <line num="40" count="3" type="cond" truecount="2" falsecount="0"/>
      <line num="41" count="1" type="stmt"/>
      <line num="42" count="1" type="stmt"/>
      <line num="44" count="2" type="stmt"/>
      <line num="50" count="3" type="stmt"/>
      <line num="54" count="3" type="cond" truecount="2" falsecount="0"/>
      <line num="55" count="1" type="stmt"/>
      <line num="56" count="1" type="stmt"/>
      <line num="58" count="2" type="stmt"/>
      <line num="61" count="1" type="stmt"/>
    </file>
  </project>
</coverage>
