{"C:\\Users\\r00000618\\OneDrive - Ricoh\\個人\\研修\\2025_04-2603_JS研修\\★提出場所\\js-exercises\\ch17\\ex02\\index.js": {"path":"C:\\Users\\r00000618\\OneDrive - Ricoh\\個人\\研修\\2025_04-2603_JS研修\\★提出場所\\js-exercises\\ch17\\ex02\\index.js","statementMap":{"0":{"start":{"line":1,"column":12},"end":{"line":1,"column":36}},"1":{"start":{"line":5,"column":4},"end":{"line":10,"column":6}},"2":{"start":{"line":15,"column":16},"end":{"line":22,"column":5}},"3":{"start":{"line":23,"column":4},"end":{"line":26,"column":5}},"4":{"start":{"line":24,"column":21},"end":{"line":24,"column":37}},"5":{"start":{"line":25,"column":8},"end":{"line":25,"column":77}},"6":{"start":{"line":27,"column":4},"end":{"line":27,"column":22}},"7":{"start":{"line":32,"column":16},"end":{"line":39,"column":5}},"8":{"start":{"line":40,"column":4},"end":{"line":43,"column":5}},"9":{"start":{"line":41,"column":21},"end":{"line":41,"column":37}},"10":{"start":{"line":42,"column":8},"end":{"line":42,"column":77}},"11":{"start":{"line":44,"column":4},"end":{"line":44,"column":22}},"12":{"start":{"line":50,"column":16},"end":{"line":53,"column":5}},"13":{"start":{"line":54,"column":4},"end":{"line":57,"column":5}},"14":{"start":{"line":55,"column":21},"end":{"line":55,"column":37}},"15":{"start":{"line":56,"column":8},"end":{"line":56,"column":77}},"16":{"start":{"line":58,"column":4},"end":{"line":58,"column":22}},"17":{"start":{"line":61,"column":0},"end":{"line":65,"column":2}}},"fnMap":{"0":{"name":"getHeaders","decl":{"start":{"line":4,"column":9},"end":{"line":4,"column":19}},"loc":{"start":{"line":4,"column":27},"end":{"line":11,"column":1}},"line":4},"1":{"name":"createIssue","decl":{"start":{"line":14,"column":15},"end":{"line":14,"column":26}},"loc":{"start":{"line":14,"column":54},"end":{"line":28,"column":1}},"line":14},"2":{"name":"closeIssue","decl":{"start":{"line":31,"column":15},"end":{"line":31,"column":25}},"loc":{"start":{"line":31,"column":54},"end":{"line":45,"column":1}},"line":31},"3":{"name":"listIssues","decl":{"start":{"line":49,"column":15},"end":{"line":49,"column":25}},"loc":{"start":{"line":49,"column":46},"end":{"line":59,"column":1}},"line":49}},"branchMap":{"0":{"loc":{"start":{"line":23,"column":4},"end":{"line":26,"column":5}},"type":"if","locations":[{"start":{"line":23,"column":4},"end":{"line":26,"column":5}},{"start":{},"end":{}}],"line":23},"1":{"loc":{"start":{"line":40,"column":4},"end":{"line":43,"column":5}},"type":"if","locations":[{"start":{"line":40,"column":4},"end":{"line":43,"column":5}},{"start":{},"end":{}}],"line":40},"2":{"loc":{"start":{"line":54,"column":4},"end":{"line":57,"column":5}},"type":"if","locations":[{"start":{"line":54,"column":4},"end":{"line":57,"column":5}},{"start":{},"end":{}}],"line":54}},"s":{"0":1,"1":11,"2":5,"3":5,"4":1,"5":1,"6":4,"7":3,"8":3,"9":1,"10":1,"11":2,"12":3,"13":3,"14":1,"15":1,"16":2,"17":1},"f":{"0":11,"1":5,"2":3,"3":3},"b":{"0":[1,4],"1":[1,2],"2":[1,2]},"_coverageSchema":"1a1c01bbd47fc00a2c39e90264f33305004495a9","hash":"4bd46189ddf4f5069082c29ebaa3419dc7863649"}
}
